[0.230s] DEBUG:colcon:Command line arguments: ['/usr/bin/colcon', 'build', '--packages-select', 'approx_camera_info_pub']
[0.230s] DEBUG:colcon:Parsed command line arguments: Namespace(log_base=None, log_level=None, verb_name='build', build_base='build', install_base='install', merge_install=False, symlink_install=False, test_result_base=None, continue_on_error=False, executor='parallel', parallel_workers=12, event_handlers=None, ignore_user_meta=False, metas=['./colcon.meta'], base_paths=['.'], packages_ignore=None, packages_ignore_regex=None, paths=None, packages_up_to=None, packages_up_to_regex=None, packages_above=None, packages_above_and_dependencies=None, packages_above_depth=None, packages_select_by_dep=None, packages_skip_by_dep=None, packages_skip_up_to=None, packages_select_build_failed=False, packages_skip_build_finished=False, packages_select_test_failures=False, packages_skip_test_passed=False, packages_select=['approx_camera_info_pub'], packages_skip=None, packages_select_regex=None, packages_skip_regex=None, packages_start=None, packages_end=None, allow_overriding=[], cmake_args=None, cmake_target=None, cmake_target_skip_unavailable=False, cmake_clean_cache=False, cmake_clean_first=False, cmake_force_configure=False, ament_cmake_args=None, catkin_cmake_args=None, catkin_skip_building_tests=False, mixin_files=None, mixin=None, verb_parser=<colcon_mixin.mixin.mixin_argument.MixinArgumentDecorator object at 0xffff986e24d0>, verb_extension=<colcon_core.verb.build.BuildVerb object at 0xffff986e2020>, main=<bound method BuildVerb.main of <colcon_core.verb.build.BuildVerb object at 0xffff986e2020>>, mixin_verb=('build',))
[0.297s] Level 1:colcon.colcon_core.package_discovery:discover_packages(colcon_meta) check parameters
[0.297s] Level 1:colcon.colcon_core.package_discovery:discover_packages(recursive) check parameters
[0.297s] Level 1:colcon.colcon_core.package_discovery:discover_packages(ignore) check parameters
[0.297s] Level 1:colcon.colcon_core.package_discovery:discover_packages(path) check parameters
[0.297s] Level 1:colcon.colcon_core.package_discovery:discover_packages(colcon_meta) discover
[0.298s] Level 1:colcon.colcon_core.package_discovery:discover_packages(recursive) discover
[0.298s] INFO:colcon.colcon_core.package_discovery:Crawling recursively for packages in '/home/futuredrive/yhs_control2_ws/src'
[0.298s] Level 1:colcon.colcon_core.package_identification:_identify(.) by extensions ['ignore', 'ignore_ament_install']
[0.298s] Level 1:colcon.colcon_core.package_identification:_identify(.) by extension 'ignore'
[0.298s] Level 1:colcon.colcon_core.package_identification:_identify(.) by extension 'ignore_ament_install'
[0.298s] Level 1:colcon.colcon_core.package_identification:_identify(.) by extensions ['colcon_pkg']
[0.298s] Level 1:colcon.colcon_core.package_identification:_identify(.) by extension 'colcon_pkg'
[0.298s] Level 1:colcon.colcon_core.package_identification:_identify(.) by extensions ['colcon_meta']
[0.298s] Level 1:colcon.colcon_core.package_identification:_identify(.) by extension 'colcon_meta'
[0.299s] Level 1:colcon.colcon_core.package_identification:_identify(.) by extensions ['ros']
[0.299s] Level 1:colcon.colcon_core.package_identification:_identify(.) by extension 'ros'
[0.321s] Level 1:colcon.colcon_core.package_identification:_identify(.) by extensions ['cmake', 'python']
[0.321s] Level 1:colcon.colcon_core.package_identification:_identify(.) by extension 'cmake'
[0.321s] Level 1:colcon.colcon_core.package_identification:_identify(.) by extension 'python'
[0.322s] Level 1:colcon.colcon_core.package_identification:_identify(.) by extensions ['python_setup_py']
[0.322s] Level 1:colcon.colcon_core.package_identification:_identify(.) by extension 'python_setup_py'
[0.322s] Level 1:colcon.colcon_core.package_identification:_identify(approx_camera_info_publisher) by extensions ['ignore', 'ignore_ament_install']
[0.322s] Level 1:colcon.colcon_core.package_identification:_identify(approx_camera_info_publisher) by extension 'ignore'
[0.322s] Level 1:colcon.colcon_core.package_identification:_identify(approx_camera_info_publisher) by extension 'ignore_ament_install'
[0.322s] Level 1:colcon.colcon_core.package_identification:_identify(approx_camera_info_publisher) by extensions ['colcon_pkg']
[0.322s] Level 1:colcon.colcon_core.package_identification:_identify(approx_camera_info_publisher) by extension 'colcon_pkg'
[0.322s] Level 1:colcon.colcon_core.package_identification:_identify(approx_camera_info_publisher) by extensions ['colcon_meta']
[0.322s] Level 1:colcon.colcon_core.package_identification:_identify(approx_camera_info_publisher) by extension 'colcon_meta'
[0.322s] Level 1:colcon.colcon_core.package_identification:_identify(approx_camera_info_publisher) by extensions ['ros']
[0.323s] Level 1:colcon.colcon_core.package_identification:_identify(approx_camera_info_publisher) by extension 'ros'
[0.327s] DEBUG:colcon.colcon_core.package_identification:Package 'approx_camera_info_publisher' with type 'ros.ament_python' and name 'approx_camera_info_publisher'
[0.327s] Level 1:colcon.colcon_core.package_identification:_identify(autoware_auto_msgs) by extensions ['ignore', 'ignore_ament_install']
[0.327s] Level 1:colcon.colcon_core.package_identification:_identify(autoware_auto_msgs) by extension 'ignore'
[0.327s] Level 1:colcon.colcon_core.package_identification:_identify(autoware_auto_msgs) by extension 'ignore_ament_install'
[0.327s] Level 1:colcon.colcon_core.package_identification:_identify(autoware_auto_msgs) by extensions ['colcon_pkg']
[0.327s] Level 1:colcon.colcon_core.package_identification:_identify(autoware_auto_msgs) by extension 'colcon_pkg'
[0.327s] Level 1:colcon.colcon_core.package_identification:_identify(autoware_auto_msgs) by extensions ['colcon_meta']
[0.327s] Level 1:colcon.colcon_core.package_identification:_identify(autoware_auto_msgs) by extension 'colcon_meta'
[0.327s] Level 1:colcon.colcon_core.package_identification:_identify(autoware_auto_msgs) by extensions ['ros']
[0.327s] Level 1:colcon.colcon_core.package_identification:_identify(autoware_auto_msgs) by extension 'ros'
[0.328s] Level 1:colcon.colcon_core.package_identification:_identify(autoware_auto_msgs) by extensions ['cmake', 'python']
[0.328s] Level 1:colcon.colcon_core.package_identification:_identify(autoware_auto_msgs) by extension 'cmake'
[0.328s] Level 1:colcon.colcon_core.package_identification:_identify(autoware_auto_msgs) by extension 'python'
[0.328s] Level 1:colcon.colcon_core.package_identification:_identify(autoware_auto_msgs) by extensions ['python_setup_py']
[0.328s] Level 1:colcon.colcon_core.package_identification:_identify(autoware_auto_msgs) by extension 'python_setup_py'
[0.328s] Level 1:colcon.colcon_core.package_identification:_identify(autoware_auto_msgs/autoware_auto_control_msgs) by extensions ['ignore', 'ignore_ament_install']
[0.328s] Level 1:colcon.colcon_core.package_identification:_identify(autoware_auto_msgs/autoware_auto_control_msgs) by extension 'ignore'
[0.328s] Level 1:colcon.colcon_core.package_identification:_identify(autoware_auto_msgs/autoware_auto_control_msgs) by extension 'ignore_ament_install'
[0.328s] Level 1:colcon.colcon_core.package_identification:_identify(autoware_auto_msgs/autoware_auto_control_msgs) by extensions ['colcon_pkg']
[0.328s] Level 1:colcon.colcon_core.package_identification:_identify(autoware_auto_msgs/autoware_auto_control_msgs) by extension 'colcon_pkg'
[0.328s] Level 1:colcon.colcon_core.package_identification:_identify(autoware_auto_msgs/autoware_auto_control_msgs) by extensions ['colcon_meta']
[0.328s] Level 1:colcon.colcon_core.package_identification:_identify(autoware_auto_msgs/autoware_auto_control_msgs) by extension 'colcon_meta'
[0.329s] Level 1:colcon.colcon_core.package_identification:_identify(autoware_auto_msgs/autoware_auto_control_msgs) by extensions ['ros']
[0.329s] Level 1:colcon.colcon_core.package_identification:_identify(autoware_auto_msgs/autoware_auto_control_msgs) by extension 'ros'
[0.330s] DEBUG:colcon.colcon_core.package_identification:Package 'autoware_auto_msgs/autoware_auto_control_msgs' with type 'ros.ament_cmake' and name 'autoware_auto_control_msgs'
[0.330s] Level 1:colcon.colcon_core.package_identification:_identify(autoware_auto_msgs/autoware_auto_geometry_msgs) by extensions ['ignore', 'ignore_ament_install']
[0.330s] Level 1:colcon.colcon_core.package_identification:_identify(autoware_auto_msgs/autoware_auto_geometry_msgs) by extension 'ignore'
[0.330s] Level 1:colcon.colcon_core.package_identification:_identify(autoware_auto_msgs/autoware_auto_geometry_msgs) by extension 'ignore_ament_install'
[0.330s] Level 1:colcon.colcon_core.package_identification:_identify(autoware_auto_msgs/autoware_auto_geometry_msgs) by extensions ['colcon_pkg']
[0.330s] Level 1:colcon.colcon_core.package_identification:_identify(autoware_auto_msgs/autoware_auto_geometry_msgs) by extension 'colcon_pkg'
[0.330s] Level 1:colcon.colcon_core.package_identification:_identify(autoware_auto_msgs/autoware_auto_geometry_msgs) by extensions ['colcon_meta']
[0.330s] Level 1:colcon.colcon_core.package_identification:_identify(autoware_auto_msgs/autoware_auto_geometry_msgs) by extension 'colcon_meta'
[0.330s] Level 1:colcon.colcon_core.package_identification:_identify(autoware_auto_msgs/autoware_auto_geometry_msgs) by extensions ['ros']
[0.331s] Level 1:colcon.colcon_core.package_identification:_identify(autoware_auto_msgs/autoware_auto_geometry_msgs) by extension 'ros'
[0.331s] DEBUG:colcon.colcon_core.package_identification:Package 'autoware_auto_msgs/autoware_auto_geometry_msgs' with type 'ros.ament_cmake' and name 'autoware_auto_geometry_msgs'
[0.332s] Level 1:colcon.colcon_core.package_identification:_identify(autoware_auto_msgs/autoware_auto_mapping_msgs) by extensions ['ignore', 'ignore_ament_install']
[0.332s] Level 1:colcon.colcon_core.package_identification:_identify(autoware_auto_msgs/autoware_auto_mapping_msgs) by extension 'ignore'
[0.332s] Level 1:colcon.colcon_core.package_identification:_identify(autoware_auto_msgs/autoware_auto_mapping_msgs) by extension 'ignore_ament_install'
[0.332s] Level 1:colcon.colcon_core.package_identification:_identify(autoware_auto_msgs/autoware_auto_mapping_msgs) by extensions ['colcon_pkg']
[0.332s] Level 1:colcon.colcon_core.package_identification:_identify(autoware_auto_msgs/autoware_auto_mapping_msgs) by extension 'colcon_pkg'
[0.332s] Level 1:colcon.colcon_core.package_identification:_identify(autoware_auto_msgs/autoware_auto_mapping_msgs) by extensions ['colcon_meta']
[0.332s] Level 1:colcon.colcon_core.package_identification:_identify(autoware_auto_msgs/autoware_auto_mapping_msgs) by extension 'colcon_meta'
[0.332s] Level 1:colcon.colcon_core.package_identification:_identify(autoware_auto_msgs/autoware_auto_mapping_msgs) by extensions ['ros']
[0.332s] Level 1:colcon.colcon_core.package_identification:_identify(autoware_auto_msgs/autoware_auto_mapping_msgs) by extension 'ros'
[0.333s] DEBUG:colcon.colcon_core.package_identification:Package 'autoware_auto_msgs/autoware_auto_mapping_msgs' with type 'ros.ament_cmake' and name 'autoware_auto_mapping_msgs'
[0.333s] Level 1:colcon.colcon_core.package_identification:_identify(autoware_auto_msgs/autoware_auto_msgs) by extensions ['ignore', 'ignore_ament_install']
[0.333s] Level 1:colcon.colcon_core.package_identification:_identify(autoware_auto_msgs/autoware_auto_msgs) by extension 'ignore'
[0.333s] Level 1:colcon.colcon_core.package_identification:_identify(autoware_auto_msgs/autoware_auto_msgs) by extension 'ignore_ament_install'
[0.333s] Level 1:colcon.colcon_core.package_identification:_identify(autoware_auto_msgs/autoware_auto_msgs) by extensions ['colcon_pkg']
[0.334s] Level 1:colcon.colcon_core.package_identification:_identify(autoware_auto_msgs/autoware_auto_msgs) by extension 'colcon_pkg'
[0.334s] Level 1:colcon.colcon_core.package_identification:_identify(autoware_auto_msgs/autoware_auto_msgs) by extensions ['colcon_meta']
[0.334s] Level 1:colcon.colcon_core.package_identification:_identify(autoware_auto_msgs/autoware_auto_msgs) by extension 'colcon_meta'
[0.334s] Level 1:colcon.colcon_core.package_identification:_identify(autoware_auto_msgs/autoware_auto_msgs) by extensions ['ros']
[0.334s] Level 1:colcon.colcon_core.package_identification:_identify(autoware_auto_msgs/autoware_auto_msgs) by extension 'ros'
[0.335s] DEBUG:colcon.colcon_core.package_identification:Package 'autoware_auto_msgs/autoware_auto_msgs' with type 'ros.ament_cmake' and name 'autoware_auto_msgs'
[0.335s] Level 1:colcon.colcon_core.package_identification:_identify(autoware_auto_msgs/autoware_auto_perception_msgs) by extensions ['ignore', 'ignore_ament_install']
[0.335s] Level 1:colcon.colcon_core.package_identification:_identify(autoware_auto_msgs/autoware_auto_perception_msgs) by extension 'ignore'
[0.335s] Level 1:colcon.colcon_core.package_identification:_identify(autoware_auto_msgs/autoware_auto_perception_msgs) by extension 'ignore_ament_install'
[0.335s] Level 1:colcon.colcon_core.package_identification:_identify(autoware_auto_msgs/autoware_auto_perception_msgs) by extensions ['colcon_pkg']
[0.335s] Level 1:colcon.colcon_core.package_identification:_identify(autoware_auto_msgs/autoware_auto_perception_msgs) by extension 'colcon_pkg'
[0.335s] Level 1:colcon.colcon_core.package_identification:_identify(autoware_auto_msgs/autoware_auto_perception_msgs) by extensions ['colcon_meta']
[0.335s] Level 1:colcon.colcon_core.package_identification:_identify(autoware_auto_msgs/autoware_auto_perception_msgs) by extension 'colcon_meta'
[0.335s] Level 1:colcon.colcon_core.package_identification:_identify(autoware_auto_msgs/autoware_auto_perception_msgs) by extensions ['ros']
[0.335s] Level 1:colcon.colcon_core.package_identification:_identify(autoware_auto_msgs/autoware_auto_perception_msgs) by extension 'ros'
[0.336s] DEBUG:colcon.colcon_core.package_identification:Package 'autoware_auto_msgs/autoware_auto_perception_msgs' with type 'ros.ament_cmake' and name 'autoware_auto_perception_msgs'
[0.337s] Level 1:colcon.colcon_core.package_identification:_identify(autoware_auto_msgs/autoware_auto_planning_msgs) by extensions ['ignore', 'ignore_ament_install']
[0.337s] Level 1:colcon.colcon_core.package_identification:_identify(autoware_auto_msgs/autoware_auto_planning_msgs) by extension 'ignore'
[0.337s] Level 1:colcon.colcon_core.package_identification:_identify(autoware_auto_msgs/autoware_auto_planning_msgs) by extension 'ignore_ament_install'
[0.337s] Level 1:colcon.colcon_core.package_identification:_identify(autoware_auto_msgs/autoware_auto_planning_msgs) by extensions ['colcon_pkg']
[0.337s] Level 1:colcon.colcon_core.package_identification:_identify(autoware_auto_msgs/autoware_auto_planning_msgs) by extension 'colcon_pkg'
[0.337s] Level 1:colcon.colcon_core.package_identification:_identify(autoware_auto_msgs/autoware_auto_planning_msgs) by extensions ['colcon_meta']
[0.337s] Level 1:colcon.colcon_core.package_identification:_identify(autoware_auto_msgs/autoware_auto_planning_msgs) by extension 'colcon_meta'
[0.337s] Level 1:colcon.colcon_core.package_identification:_identify(autoware_auto_msgs/autoware_auto_planning_msgs) by extensions ['ros']
[0.337s] Level 1:colcon.colcon_core.package_identification:_identify(autoware_auto_msgs/autoware_auto_planning_msgs) by extension 'ros'
[0.340s] DEBUG:colcon.colcon_core.package_identification:Package 'autoware_auto_msgs/autoware_auto_planning_msgs' with type 'ros.ament_cmake' and name 'autoware_auto_planning_msgs'
[0.340s] Level 1:colcon.colcon_core.package_identification:_identify(autoware_auto_msgs/autoware_auto_system_msgs) by extensions ['ignore', 'ignore_ament_install']
[0.340s] Level 1:colcon.colcon_core.package_identification:_identify(autoware_auto_msgs/autoware_auto_system_msgs) by extension 'ignore'
[0.341s] Level 1:colcon.colcon_core.package_identification:_identify(autoware_auto_msgs/autoware_auto_system_msgs) by extension 'ignore_ament_install'
[0.341s] Level 1:colcon.colcon_core.package_identification:_identify(autoware_auto_msgs/autoware_auto_system_msgs) by extensions ['colcon_pkg']
[0.341s] Level 1:colcon.colcon_core.package_identification:_identify(autoware_auto_msgs/autoware_auto_system_msgs) by extension 'colcon_pkg'
[0.341s] Level 1:colcon.colcon_core.package_identification:_identify(autoware_auto_msgs/autoware_auto_system_msgs) by extensions ['colcon_meta']
[0.341s] Level 1:colcon.colcon_core.package_identification:_identify(autoware_auto_msgs/autoware_auto_system_msgs) by extension 'colcon_meta'
[0.341s] Level 1:colcon.colcon_core.package_identification:_identify(autoware_auto_msgs/autoware_auto_system_msgs) by extensions ['ros']
[0.341s] Level 1:colcon.colcon_core.package_identification:_identify(autoware_auto_msgs/autoware_auto_system_msgs) by extension 'ros'
[0.342s] DEBUG:colcon.colcon_core.package_identification:Package 'autoware_auto_msgs/autoware_auto_system_msgs' with type 'ros.ament_cmake' and name 'autoware_auto_system_msgs'
[0.342s] Level 1:colcon.colcon_core.package_identification:_identify(autoware_auto_msgs/autoware_auto_vehicle_msgs) by extensions ['ignore', 'ignore_ament_install']
[0.342s] Level 1:colcon.colcon_core.package_identification:_identify(autoware_auto_msgs/autoware_auto_vehicle_msgs) by extension 'ignore'
[0.342s] Level 1:colcon.colcon_core.package_identification:_identify(autoware_auto_msgs/autoware_auto_vehicle_msgs) by extension 'ignore_ament_install'
[0.343s] Level 1:colcon.colcon_core.package_identification:_identify(autoware_auto_msgs/autoware_auto_vehicle_msgs) by extensions ['colcon_pkg']
[0.343s] Level 1:colcon.colcon_core.package_identification:_identify(autoware_auto_msgs/autoware_auto_vehicle_msgs) by extension 'colcon_pkg'
[0.343s] Level 1:colcon.colcon_core.package_identification:_identify(autoware_auto_msgs/autoware_auto_vehicle_msgs) by extensions ['colcon_meta']
[0.343s] Level 1:colcon.colcon_core.package_identification:_identify(autoware_auto_msgs/autoware_auto_vehicle_msgs) by extension 'colcon_meta'
[0.343s] Level 1:colcon.colcon_core.package_identification:_identify(autoware_auto_msgs/autoware_auto_vehicle_msgs) by extensions ['ros']
[0.343s] Level 1:colcon.colcon_core.package_identification:_identify(autoware_auto_msgs/autoware_auto_vehicle_msgs) by extension 'ros'
[0.344s] DEBUG:colcon.colcon_core.package_identification:Package 'autoware_auto_msgs/autoware_auto_vehicle_msgs' with type 'ros.ament_cmake' and name 'autoware_auto_vehicle_msgs'
[0.344s] Level 1:colcon.colcon_core.package_identification:_identify(autoware_vehicle_msgs) by extensions ['ignore', 'ignore_ament_install']
[0.344s] Level 1:colcon.colcon_core.package_identification:_identify(autoware_vehicle_msgs) by extension 'ignore'
[0.344s] Level 1:colcon.colcon_core.package_identification:_identify(autoware_vehicle_msgs) ignored
[0.344s] Level 1:colcon.colcon_core.package_identification:_identify(build) by extensions ['ignore', 'ignore_ament_install']
[0.344s] Level 1:colcon.colcon_core.package_identification:_identify(build) by extension 'ignore'
[0.345s] Level 1:colcon.colcon_core.package_identification:_identify(build) ignored
[0.345s] Level 1:colcon.colcon_core.package_identification:_identify(carla_crop_box_filter) by extensions ['ignore', 'ignore_ament_install']
[0.345s] Level 1:colcon.colcon_core.package_identification:_identify(carla_crop_box_filter) by extension 'ignore'
[0.345s] Level 1:colcon.colcon_core.package_identification:_identify(carla_crop_box_filter) by extension 'ignore_ament_install'
[0.345s] Level 1:colcon.colcon_core.package_identification:_identify(carla_crop_box_filter) by extensions ['colcon_pkg']
[0.345s] Level 1:colcon.colcon_core.package_identification:_identify(carla_crop_box_filter) by extension 'colcon_pkg'
[0.345s] Level 1:colcon.colcon_core.package_identification:_identify(carla_crop_box_filter) by extensions ['colcon_meta']
[0.345s] Level 1:colcon.colcon_core.package_identification:_identify(carla_crop_box_filter) by extension 'colcon_meta'
[0.345s] Level 1:colcon.colcon_core.package_identification:_identify(carla_crop_box_filter) by extensions ['ros']
[0.345s] Level 1:colcon.colcon_core.package_identification:_identify(carla_crop_box_filter) by extension 'ros'
[0.347s] DEBUG:colcon.colcon_core.package_identification:Package 'carla_crop_box_filter' with type 'ros.ament_cmake' and name 'carla_crop_box_filter'
[0.347s] Level 1:colcon.colcon_core.package_identification:_identify(carla_pointcloud_preprocessor) by extensions ['ignore', 'ignore_ament_install']
[0.347s] Level 1:colcon.colcon_core.package_identification:_identify(carla_pointcloud_preprocessor) by extension 'ignore'
[0.347s] Level 1:colcon.colcon_core.package_identification:_identify(carla_pointcloud_preprocessor) by extension 'ignore_ament_install'
[0.347s] Level 1:colcon.colcon_core.package_identification:_identify(carla_pointcloud_preprocessor) by extensions ['colcon_pkg']
[0.347s] Level 1:colcon.colcon_core.package_identification:_identify(carla_pointcloud_preprocessor) by extension 'colcon_pkg'
[0.347s] Level 1:colcon.colcon_core.package_identification:_identify(carla_pointcloud_preprocessor) by extensions ['colcon_meta']
[0.347s] Level 1:colcon.colcon_core.package_identification:_identify(carla_pointcloud_preprocessor) by extension 'colcon_meta'
[0.347s] Level 1:colcon.colcon_core.package_identification:_identify(carla_pointcloud_preprocessor) by extensions ['ros']
[0.347s] Level 1:colcon.colcon_core.package_identification:_identify(carla_pointcloud_preprocessor) by extension 'ros'
[0.348s] DEBUG:colcon.colcon_core.package_identification:Package 'carla_pointcloud_preprocessor' with type 'ros.ament_cmake' and name 'carla_pointcloud_preprocessor'
[0.348s] Level 1:colcon.colcon_core.package_identification:_identify(install) by extensions ['ignore', 'ignore_ament_install']
[0.348s] Level 1:colcon.colcon_core.package_identification:_identify(install) by extension 'ignore'
[0.349s] Level 1:colcon.colcon_core.package_identification:_identify(install) ignored
[0.349s] Level 1:colcon.colcon_core.package_identification:_identify(log) by extensions ['ignore', 'ignore_ament_install']
[0.349s] Level 1:colcon.colcon_core.package_identification:_identify(log) by extension 'ignore'
[0.349s] Level 1:colcon.colcon_core.package_identification:_identify(log) ignored
[0.349s] Level 1:colcon.colcon_core.package_identification:_identify(novatel_oem7_driver) by extensions ['ignore', 'ignore_ament_install']
[0.349s] Level 1:colcon.colcon_core.package_identification:_identify(novatel_oem7_driver) by extension 'ignore'
[0.349s] Level 1:colcon.colcon_core.package_identification:_identify(novatel_oem7_driver) by extension 'ignore_ament_install'
[0.349s] Level 1:colcon.colcon_core.package_identification:_identify(novatel_oem7_driver) by extensions ['colcon_pkg']
[0.349s] Level 1:colcon.colcon_core.package_identification:_identify(novatel_oem7_driver) by extension 'colcon_pkg'
[0.349s] Level 1:colcon.colcon_core.package_identification:_identify(novatel_oem7_driver) by extensions ['colcon_meta']
[0.349s] Level 1:colcon.colcon_core.package_identification:_identify(novatel_oem7_driver) by extension 'colcon_meta'
[0.350s] Level 1:colcon.colcon_core.package_identification:_identify(novatel_oem7_driver) by extensions ['ros']
[0.350s] Level 1:colcon.colcon_core.package_identification:_identify(novatel_oem7_driver) by extension 'ros'
[0.351s] DEBUG:colcon.colcon_core.package_identification:Package 'novatel_oem7_driver' with type 'ros.ament_cmake' and name 'novatel_oem7_driver'
[0.352s] Level 1:colcon.colcon_core.package_identification:_identify(novatel_oem7_msgs) by extensions ['ignore', 'ignore_ament_install']
[0.352s] Level 1:colcon.colcon_core.package_identification:_identify(novatel_oem7_msgs) by extension 'ignore'
[0.352s] Level 1:colcon.colcon_core.package_identification:_identify(novatel_oem7_msgs) by extension 'ignore_ament_install'
[0.352s] Level 1:colcon.colcon_core.package_identification:_identify(novatel_oem7_msgs) by extensions ['colcon_pkg']
[0.352s] Level 1:colcon.colcon_core.package_identification:_identify(novatel_oem7_msgs) by extension 'colcon_pkg'
[0.352s] Level 1:colcon.colcon_core.package_identification:_identify(novatel_oem7_msgs) by extensions ['colcon_meta']
[0.352s] Level 1:colcon.colcon_core.package_identification:_identify(novatel_oem7_msgs) by extension 'colcon_meta'
[0.352s] Level 1:colcon.colcon_core.package_identification:_identify(novatel_oem7_msgs) by extensions ['ros']
[0.352s] Level 1:colcon.colcon_core.package_identification:_identify(novatel_oem7_msgs) by extension 'ros'
[0.353s] DEBUG:colcon.colcon_core.package_identification:Package 'novatel_oem7_msgs' with type 'ros.ament_cmake' and name 'novatel_oem7_msgs'
[0.353s] Level 1:colcon.colcon_core.package_identification:_identify(ouster-ros) by extensions ['ignore', 'ignore_ament_install']
[0.353s] Level 1:colcon.colcon_core.package_identification:_identify(ouster-ros) by extension 'ignore'
[0.353s] Level 1:colcon.colcon_core.package_identification:_identify(ouster-ros) by extension 'ignore_ament_install'
[0.353s] Level 1:colcon.colcon_core.package_identification:_identify(ouster-ros) by extensions ['colcon_pkg']
[0.353s] Level 1:colcon.colcon_core.package_identification:_identify(ouster-ros) by extension 'colcon_pkg'
[0.354s] Level 1:colcon.colcon_core.package_identification:_identify(ouster-ros) by extensions ['colcon_meta']
[0.354s] Level 1:colcon.colcon_core.package_identification:_identify(ouster-ros) by extension 'colcon_meta'
[0.354s] Level 1:colcon.colcon_core.package_identification:_identify(ouster-ros) by extensions ['ros']
[0.354s] Level 1:colcon.colcon_core.package_identification:_identify(ouster-ros) by extension 'ros'
[0.354s] Level 1:colcon.colcon_core.package_identification:_identify(ouster-ros) by extensions ['cmake', 'python']
[0.354s] Level 1:colcon.colcon_core.package_identification:_identify(ouster-ros) by extension 'cmake'
[0.354s] Level 1:colcon.colcon_core.package_identification:_identify(ouster-ros) by extension 'python'
[0.354s] Level 1:colcon.colcon_core.package_identification:_identify(ouster-ros) by extensions ['python_setup_py']
[0.354s] Level 1:colcon.colcon_core.package_identification:_identify(ouster-ros) by extension 'python_setup_py'
[0.354s] Level 1:colcon.colcon_core.package_identification:_identify(ouster-ros/docs) by extensions ['ignore', 'ignore_ament_install']
[0.354s] Level 1:colcon.colcon_core.package_identification:_identify(ouster-ros/docs) by extension 'ignore'
[0.354s] Level 1:colcon.colcon_core.package_identification:_identify(ouster-ros/docs) by extension 'ignore_ament_install'
[0.355s] Level 1:colcon.colcon_core.package_identification:_identify(ouster-ros/docs) by extensions ['colcon_pkg']
[0.355s] Level 1:colcon.colcon_core.package_identification:_identify(ouster-ros/docs) by extension 'colcon_pkg'
[0.355s] Level 1:colcon.colcon_core.package_identification:_identify(ouster-ros/docs) by extensions ['colcon_meta']
[0.355s] Level 1:colcon.colcon_core.package_identification:_identify(ouster-ros/docs) by extension 'colcon_meta'
[0.355s] Level 1:colcon.colcon_core.package_identification:_identify(ouster-ros/docs) by extensions ['ros']
[0.355s] Level 1:colcon.colcon_core.package_identification:_identify(ouster-ros/docs) by extension 'ros'
[0.355s] Level 1:colcon.colcon_core.package_identification:_identify(ouster-ros/docs) by extensions ['cmake', 'python']
[0.355s] Level 1:colcon.colcon_core.package_identification:_identify(ouster-ros/docs) by extension 'cmake'
[0.355s] Level 1:colcon.colcon_core.package_identification:_identify(ouster-ros/docs) by extension 'python'
[0.355s] Level 1:colcon.colcon_core.package_identification:_identify(ouster-ros/docs) by extensions ['python_setup_py']
[0.355s] Level 1:colcon.colcon_core.package_identification:_identify(ouster-ros/docs) by extension 'python_setup_py'
[0.355s] Level 1:colcon.colcon_core.package_identification:_identify(ouster-ros/docs/images) by extensions ['ignore', 'ignore_ament_install']
[0.355s] Level 1:colcon.colcon_core.package_identification:_identify(ouster-ros/docs/images) by extension 'ignore'
[0.356s] Level 1:colcon.colcon_core.package_identification:_identify(ouster-ros/docs/images) by extension 'ignore_ament_install'
[0.356s] Level 1:colcon.colcon_core.package_identification:_identify(ouster-ros/docs/images) by extensions ['colcon_pkg']
[0.356s] Level 1:colcon.colcon_core.package_identification:_identify(ouster-ros/docs/images) by extension 'colcon_pkg'
[0.356s] Level 1:colcon.colcon_core.package_identification:_identify(ouster-ros/docs/images) by extensions ['colcon_meta']
[0.356s] Level 1:colcon.colcon_core.package_identification:_identify(ouster-ros/docs/images) by extension 'colcon_meta'
[0.356s] Level 1:colcon.colcon_core.package_identification:_identify(ouster-ros/docs/images) by extensions ['ros']
[0.356s] Level 1:colcon.colcon_core.package_identification:_identify(ouster-ros/docs/images) by extension 'ros'
[0.356s] Level 1:colcon.colcon_core.package_identification:_identify(ouster-ros/docs/images) by extensions ['cmake', 'python']
[0.356s] Level 1:colcon.colcon_core.package_identification:_identify(ouster-ros/docs/images) by extension 'cmake'
[0.356s] Level 1:colcon.colcon_core.package_identification:_identify(ouster-ros/docs/images) by extension 'python'
[0.356s] Level 1:colcon.colcon_core.package_identification:_identify(ouster-ros/docs/images) by extensions ['python_setup_py']
[0.356s] Level 1:colcon.colcon_core.package_identification:_identify(ouster-ros/docs/images) by extension 'python_setup_py'
[0.356s] Level 1:colcon.colcon_core.package_identification:_identify(ouster-ros/ouster-ros) by extensions ['ignore', 'ignore_ament_install']
[0.356s] Level 1:colcon.colcon_core.package_identification:_identify(ouster-ros/ouster-ros) by extension 'ignore'
[0.357s] Level 1:colcon.colcon_core.package_identification:_identify(ouster-ros/ouster-ros) by extension 'ignore_ament_install'
[0.357s] Level 1:colcon.colcon_core.package_identification:_identify(ouster-ros/ouster-ros) by extensions ['colcon_pkg']
[0.357s] Level 1:colcon.colcon_core.package_identification:_identify(ouster-ros/ouster-ros) by extension 'colcon_pkg'
[0.357s] Level 1:colcon.colcon_core.package_identification:_identify(ouster-ros/ouster-ros) by extensions ['colcon_meta']
[0.357s] Level 1:colcon.colcon_core.package_identification:_identify(ouster-ros/ouster-ros) by extension 'colcon_meta'
[0.357s] Level 1:colcon.colcon_core.package_identification:_identify(ouster-ros/ouster-ros) by extensions ['ros']
[0.357s] Level 1:colcon.colcon_core.package_identification:_identify(ouster-ros/ouster-ros) by extension 'ros'
[0.359s] DEBUG:colcon.colcon_core.package_identification:Package 'ouster-ros/ouster-ros' with type 'ros.ament_cmake' and name 'ouster_ros'
[0.359s] Level 1:colcon.colcon_core.package_identification:_identify(ouster-ros/ouster-sensor-msgs) by extensions ['ignore', 'ignore_ament_install']
[0.359s] Level 1:colcon.colcon_core.package_identification:_identify(ouster-ros/ouster-sensor-msgs) by extension 'ignore'
[0.360s] Level 1:colcon.colcon_core.package_identification:_identify(ouster-ros/ouster-sensor-msgs) by extension 'ignore_ament_install'
[0.360s] Level 1:colcon.colcon_core.package_identification:_identify(ouster-ros/ouster-sensor-msgs) by extensions ['colcon_pkg']
[0.360s] Level 1:colcon.colcon_core.package_identification:_identify(ouster-ros/ouster-sensor-msgs) by extension 'colcon_pkg'
[0.360s] Level 1:colcon.colcon_core.package_identification:_identify(ouster-ros/ouster-sensor-msgs) by extensions ['colcon_meta']
[0.360s] Level 1:colcon.colcon_core.package_identification:_identify(ouster-ros/ouster-sensor-msgs) by extension 'colcon_meta'
[0.360s] Level 1:colcon.colcon_core.package_identification:_identify(ouster-ros/ouster-sensor-msgs) by extensions ['ros']
[0.360s] Level 1:colcon.colcon_core.package_identification:_identify(ouster-ros/ouster-sensor-msgs) by extension 'ros'
[0.361s] DEBUG:colcon.colcon_core.package_identification:Package 'ouster-ros/ouster-sensor-msgs' with type 'ros.ament_cmake' and name 'ouster_sensor_msgs'
[0.361s] Level 1:colcon.colcon_core.package_identification:_identify(tod_autoware_bridge) by extensions ['ignore', 'ignore_ament_install']
[0.361s] Level 1:colcon.colcon_core.package_identification:_identify(tod_autoware_bridge) by extension 'ignore'
[0.361s] Level 1:colcon.colcon_core.package_identification:_identify(tod_autoware_bridge) by extension 'ignore_ament_install'
[0.361s] Level 1:colcon.colcon_core.package_identification:_identify(tod_autoware_bridge) by extensions ['colcon_pkg']
[0.361s] Level 1:colcon.colcon_core.package_identification:_identify(tod_autoware_bridge) by extension 'colcon_pkg'
[0.361s] Level 1:colcon.colcon_core.package_identification:_identify(tod_autoware_bridge) by extensions ['colcon_meta']
[0.361s] Level 1:colcon.colcon_core.package_identification:_identify(tod_autoware_bridge) by extension 'colcon_meta'
[0.361s] Level 1:colcon.colcon_core.package_identification:_identify(tod_autoware_bridge) by extensions ['ros']
[0.362s] Level 1:colcon.colcon_core.package_identification:_identify(tod_autoware_bridge) by extension 'ros'
[0.363s] DEBUG:colcon.colcon_core.package_identification:Package 'tod_autoware_bridge' with type 'ros.ament_cmake' and name 'tod_autoware_bridge'
[0.363s] Level 1:colcon.colcon_core.package_identification:_identify(yhs_autoware_vehicle_status_bridge) by extensions ['ignore', 'ignore_ament_install']
[0.363s] Level 1:colcon.colcon_core.package_identification:_identify(yhs_autoware_vehicle_status_bridge) by extension 'ignore'
[0.363s] Level 1:colcon.colcon_core.package_identification:_identify(yhs_autoware_vehicle_status_bridge) by extension 'ignore_ament_install'
[0.363s] Level 1:colcon.colcon_core.package_identification:_identify(yhs_autoware_vehicle_status_bridge) by extensions ['colcon_pkg']
[0.363s] Level 1:colcon.colcon_core.package_identification:_identify(yhs_autoware_vehicle_status_bridge) by extension 'colcon_pkg'
[0.363s] Level 1:colcon.colcon_core.package_identification:_identify(yhs_autoware_vehicle_status_bridge) by extensions ['colcon_meta']
[0.363s] Level 1:colcon.colcon_core.package_identification:_identify(yhs_autoware_vehicle_status_bridge) by extension 'colcon_meta'
[0.363s] Level 1:colcon.colcon_core.package_identification:_identify(yhs_autoware_vehicle_status_bridge) by extensions ['ros']
[0.363s] Level 1:colcon.colcon_core.package_identification:_identify(yhs_autoware_vehicle_status_bridge) by extension 'ros'
[0.364s] DEBUG:colcon.colcon_core.package_identification:Package 'yhs_autoware_vehicle_status_bridge' with type 'ros.ament_cmake' and name 'yhs_autoware_vehicle_status_bridge'
[0.364s] Level 1:colcon.colcon_core.package_identification:_identify(yhs_can_control) by extensions ['ignore', 'ignore_ament_install']
[0.365s] Level 1:colcon.colcon_core.package_identification:_identify(yhs_can_control) by extension 'ignore'
[0.365s] Level 1:colcon.colcon_core.package_identification:_identify(yhs_can_control) by extension 'ignore_ament_install'
[0.365s] Level 1:colcon.colcon_core.package_identification:_identify(yhs_can_control) by extensions ['colcon_pkg']
[0.365s] Level 1:colcon.colcon_core.package_identification:_identify(yhs_can_control) by extension 'colcon_pkg'
[0.365s] Level 1:colcon.colcon_core.package_identification:_identify(yhs_can_control) by extensions ['colcon_meta']
[0.365s] Level 1:colcon.colcon_core.package_identification:_identify(yhs_can_control) by extension 'colcon_meta'
[0.365s] Level 1:colcon.colcon_core.package_identification:_identify(yhs_can_control) by extensions ['ros']
[0.365s] Level 1:colcon.colcon_core.package_identification:_identify(yhs_can_control) by extension 'ros'
[0.366s] DEBUG:colcon.colcon_core.package_identification:Package 'yhs_can_control' with type 'ros.ament_cmake' and name 'yhs_can_control'
[0.367s] Level 1:colcon.colcon_core.package_identification:_identify(yhs_can_interfaces) by extensions ['ignore', 'ignore_ament_install']
[0.367s] Level 1:colcon.colcon_core.package_identification:_identify(yhs_can_interfaces) by extension 'ignore'
[0.367s] Level 1:colcon.colcon_core.package_identification:_identify(yhs_can_interfaces) by extension 'ignore_ament_install'
[0.367s] Level 1:colcon.colcon_core.package_identification:_identify(yhs_can_interfaces) by extensions ['colcon_pkg']
[0.367s] Level 1:colcon.colcon_core.package_identification:_identify(yhs_can_interfaces) by extension 'colcon_pkg'
[0.367s] Level 1:colcon.colcon_core.package_identification:_identify(yhs_can_interfaces) by extensions ['colcon_meta']
[0.367s] Level 1:colcon.colcon_core.package_identification:_identify(yhs_can_interfaces) by extension 'colcon_meta'
[0.367s] Level 1:colcon.colcon_core.package_identification:_identify(yhs_can_interfaces) by extensions ['ros']
[0.367s] Level 1:colcon.colcon_core.package_identification:_identify(yhs_can_interfaces) by extension 'ros'
[0.368s] DEBUG:colcon.colcon_core.package_identification:Package 'yhs_can_interfaces' with type 'ros.ament_cmake' and name 'yhs_can_interfaces'
[0.368s] Level 1:colcon.colcon_core.package_discovery:discover_packages(recursive) using defaults
[0.368s] Level 1:colcon.colcon_core.package_discovery:discover_packages(ignore) discover
[0.368s] Level 1:colcon.colcon_core.package_discovery:discover_packages(ignore) using defaults
[0.368s] Level 1:colcon.colcon_core.package_discovery:discover_packages(path) discover
[0.368s] Level 1:colcon.colcon_core.package_discovery:discover_packages(path) using defaults
[0.369s] WARNING:colcon.colcon_core.package_selection:ignoring unknown package 'approx_camera_info_pub' in --packages-select
[0.414s] INFO:colcon.colcon_core.package_selection:Skipping not selected package 'approx_camera_info_publisher' in 'approx_camera_info_publisher'
[0.414s] INFO:colcon.colcon_core.package_selection:Skipping not selected package 'autoware_auto_control_msgs' in 'autoware_auto_msgs/autoware_auto_control_msgs'
[0.414s] INFO:colcon.colcon_core.package_selection:Skipping not selected package 'autoware_auto_geometry_msgs' in 'autoware_auto_msgs/autoware_auto_geometry_msgs'
[0.414s] INFO:colcon.colcon_core.package_selection:Skipping not selected package 'autoware_auto_mapping_msgs' in 'autoware_auto_msgs/autoware_auto_mapping_msgs'
[0.414s] INFO:colcon.colcon_core.package_selection:Skipping not selected package 'autoware_auto_system_msgs' in 'autoware_auto_msgs/autoware_auto_system_msgs'
[0.414s] INFO:colcon.colcon_core.package_selection:Skipping not selected package 'carla_crop_box_filter' in 'carla_crop_box_filter'
[0.414s] INFO:colcon.colcon_core.package_selection:Skipping not selected package 'novatel_oem7_msgs' in 'novatel_oem7_msgs'
[0.414s] INFO:colcon.colcon_core.package_selection:Skipping not selected package 'ouster_sensor_msgs' in 'ouster-ros/ouster-sensor-msgs'
[0.414s] INFO:colcon.colcon_core.package_selection:Skipping not selected package 'yhs_can_interfaces' in 'yhs_can_interfaces'
[0.414s] INFO:colcon.colcon_core.package_selection:Skipping not selected package 'autoware_auto_perception_msgs' in 'autoware_auto_msgs/autoware_auto_perception_msgs'
[0.414s] INFO:colcon.colcon_core.package_selection:Skipping not selected package 'autoware_auto_planning_msgs' in 'autoware_auto_msgs/autoware_auto_planning_msgs'
[0.414s] INFO:colcon.colcon_core.package_selection:Skipping not selected package 'carla_pointcloud_preprocessor' in 'carla_pointcloud_preprocessor'
[0.414s] INFO:colcon.colcon_core.package_selection:Skipping not selected package 'novatel_oem7_driver' in 'novatel_oem7_driver'
[0.415s] INFO:colcon.colcon_core.package_selection:Skipping not selected package 'ouster_ros' in 'ouster-ros/ouster-ros'
[0.415s] INFO:colcon.colcon_core.package_selection:Skipping not selected package 'yhs_can_control' in 'yhs_can_control'
[0.415s] INFO:colcon.colcon_core.package_selection:Skipping not selected package 'autoware_auto_vehicle_msgs' in 'autoware_auto_msgs/autoware_auto_vehicle_msgs'
[0.415s] INFO:colcon.colcon_core.package_selection:Skipping not selected package 'autoware_auto_msgs' in 'autoware_auto_msgs/autoware_auto_msgs'
[0.415s] INFO:colcon.colcon_core.package_selection:Skipping not selected package 'tod_autoware_bridge' in 'tod_autoware_bridge'
[0.415s] INFO:colcon.colcon_core.package_selection:Skipping not selected package 'yhs_autoware_vehicle_status_bridge' in 'yhs_autoware_vehicle_status_bridge'
[0.416s] Level 1:colcon.colcon_core.package_discovery:discover_packages(prefix_path) check parameters
[0.416s] Level 1:colcon.colcon_core.package_discovery:discover_packages(prefix_path) discover
[0.421s] DEBUG:colcon.colcon_installed_package_information.package_discovery:Found 446 installed packages in /opt/ros/humble
[0.425s] Level 1:colcon.colcon_core.package_discovery:discover_packages(prefix_path) using defaults
[0.528s] INFO:colcon.colcon_core.executor:Executing jobs using 'parallel' executor
[0.530s] DEBUG:colcon.colcon_parallel_executor.executor.parallel:run_until_complete
[0.531s] DEBUG:colcon.colcon_parallel_executor.executor.parallel:closing loop
[0.531s] DEBUG:colcon.colcon_parallel_executor.executor.parallel:loop closed
[0.531s] DEBUG:colcon.colcon_parallel_executor.executor.parallel:run_until_complete finished with '0'
[0.531s] DEBUG:colcon.colcon_core.event_reactor:joining thread
[0.543s] INFO:colcon.colcon_core.plugin_system:Skipping extension 'colcon_notification.desktop_notification.terminal_notifier': Not used on non-Darwin systems
[0.543s] INFO:colcon.colcon_core.plugin_system:Skipping extension 'colcon_notification.desktop_notification.win32': Not used on non-Windows systems
[0.543s] INFO:colcon.colcon_notification.desktop_notification:Sending desktop notification using 'notify2'
[0.573s] DEBUG:colcon.colcon_core.event_reactor:joined thread
[0.580s] INFO:colcon.colcon_core.plugin_system:Skipping extension 'colcon_core.shell.bat': Not used on non-Windows systems
[0.580s] INFO:colcon.colcon_core.shell:Creating prefix script '/home/futuredrive/yhs_control2_ws/src/install/local_setup.ps1'
[0.583s] INFO:colcon.colcon_core.shell:Creating prefix util module '/home/futuredrive/yhs_control2_ws/src/install/_local_setup_util_ps1.py'
[0.585s] INFO:colcon.colcon_core.shell:Creating prefix chain script '/home/futuredrive/yhs_control2_ws/src/install/setup.ps1'
[0.588s] INFO:colcon.colcon_core.shell:Creating prefix script '/home/futuredrive/yhs_control2_ws/src/install/local_setup.sh'
[0.589s] INFO:colcon.colcon_core.shell:Creating prefix util module '/home/futuredrive/yhs_control2_ws/src/install/_local_setup_util_sh.py'
[0.590s] INFO:colcon.colcon_core.shell:Creating prefix chain script '/home/futuredrive/yhs_control2_ws/src/install/setup.sh'
[0.592s] INFO:colcon.colcon_core.shell:Creating prefix script '/home/futuredrive/yhs_control2_ws/src/install/local_setup.bash'
[0.593s] INFO:colcon.colcon_core.shell:Creating prefix chain script '/home/futuredrive/yhs_control2_ws/src/install/setup.bash'
[0.595s] INFO:colcon.colcon_core.shell:Creating prefix script '/home/futuredrive/yhs_control2_ws/src/install/local_setup.zsh'
[0.596s] INFO:colcon.colcon_core.shell:Creating prefix chain script '/home/futuredrive/yhs_control2_ws/src/install/setup.zsh'
